<?xml version="1.0" encoding="UTF-8"?>
<testsuite name="com.example.splitflap.CharacterUtilsTest" tests="2" skipped="0" failures="0" errors="0" timestamp="2026-02-25T04:15:18" hostname="devbox" time="0.059">
  <properties/>
  <testcase name="testGetNextChar" classname="com.example.splitflap.CharacterUtilsTest" time="0.056"/>
  <testcase name="testGetDistance" classname="com.example.splitflap.CharacterUtilsTest" time="0.0"/>
  <system-out><![CDATA[]]></system-out>
  <system-err><![CDATA[]]></system-err>
</testsuite>
